<?xml version="1.0" encoding="UTF-8"?>
<!-- Generated by org.testng.reporters.JUnitReportReporter -->
<testsuite hostname="Apples-MacBook-Pro.local" failures="0" tests="1" name="testcases_iOS.Verify_app_setup" time="8.229" errors="0" timestamp="2025-01-08T02:22:17 IST" skipped="0">
  <testcase classname="testcases_iOS.Verify_app_setup" name="setupApp" time="8.229"/>
  <system-out/>
</testsuite> <!-- testcases_iOS.Verify_app_setup -->
